[2025-06-25 17:01:36][ERROR] Error: [2] Undefined variable $migrations in file /private/var/folders/j_/38bgzcq121x0fx33z1r3gpzr0000gn/T/view_kl4nfqs4qb4cd2MNSS3 in line 44
[2025-06-25 17:01:36][ERROR] Fatal error occurred
# Fatal error: [2] Undefined variable $migrations
# in file /private/var/folders/j_/38bgzcq121x0fx33z1r3gpzr0000gn/T/view_kl4nfqs4qb4cd2MNSS3 at line 
[2025-06-25 17:49:42][ERROR] Error: [2] require_once(/Users/piotrmilos/QuickFrame/QuickFrame-framework/support/Core/../routes/web.php): Failed to open stream: No such file or directory in file /Users/piotrmilos/QuickFrame/QuickFrame-framework/support/Core/routes.php in line 10
[2025-06-25 17:49:42][ERROR] Fatal error occurred
# Fatal error: [2] require_once(/Users/piotrmilos/QuickFrame/QuickFrame-framework/support/Core/../routes/web.php): Failed to open stream: No such file or directory
# in file /Users/piotrmilos/QuickFrame/QuickFrame-framework/support/Core/routes.php at line 
[2025-06-25 17:49:48][ERROR] Error: [2] require_once(/Users/piotrmilos/QuickFrame/QuickFrame-framework/support/Core/../routes/web.php): Failed to open stream: No such file or directory in file /Users/piotrmilos/QuickFrame/QuickFrame-framework/support/Core/routes.php in line 10
[2025-06-25 17:49:48][ERROR] Fatal error occurred
# Fatal error: [2] require_once(/Users/piotrmilos/QuickFrame/QuickFrame-framework/support/Core/../routes/web.php): Failed to open stream: No such file or directory
# in file /Users/piotrmilos/QuickFrame/QuickFrame-framework/support/Core/routes.php at line 
[2025-06-25 17:52:01][ERROR] Error: [2] require_once(/Users/piotrmilos/QuickFrame/QuickFrame-framework/support/Core/../../../routes/web.php): Failed to open stream: No such file or directory in file /Users/piotrmilos/QuickFrame/QuickFrame-framework/support/Core/routes.php in line 10
[2025-06-25 17:52:01][ERROR] Fatal error occurred
# Fatal error: [2] require_once(/Users/piotrmilos/QuickFrame/QuickFrame-framework/support/Core/../../../routes/web.php): Failed to open stream: No such file or directory
# in file /Users/piotrmilos/QuickFrame/QuickFrame-framework/support/Core/routes.php at line 
[2025-06-25 17:52:02][ERROR] Error: [2] require_once(/Users/piotrmilos/QuickFrame/QuickFrame-framework/support/Core/../../../routes/web.php): Failed to open stream: No such file or directory in file /Users/piotrmilos/QuickFrame/QuickFrame-framework/support/Core/routes.php in line 10
[2025-06-25 17:52:02][ERROR] Fatal error occurred
# Fatal error: [2] require_once(/Users/piotrmilos/QuickFrame/QuickFrame-framework/support/Core/../../../routes/web.php): Failed to open stream: No such file or directory
# in file /Users/piotrmilos/QuickFrame/QuickFrame-framework/support/Core/routes.php at line 
[2025-06-25 17:55:24][ERROR] View migrations not found.
#0 /Users/piotrmilos/QuickFrame/QuickFrame-framework/support/Core/helpers.php(11): Support\Core\View::render('migrations', Array)
#1 /Users/piotrmilos/QuickFrame/QuickFrame-framework/support/Core/Database/Migrations/MigrationController.php(24): view('migrations', Array)
#2 [internal function]: Support\Core\Database\Migrations\MigrationController->index()
#3 /Users/piotrmilos/QuickFrame/QuickFrame-framework/support/Core/Route.php(99): call_user_func_array(Array, Array)
#4 /Users/piotrmilos/QuickFrame/QuickFrame-framework/support/Core/Route.php(110): Support\Core\Route::{closure:Support\Core\Route::dispatch():81}()
#5 /Users/piotrmilos/QuickFrame/QuickFrame-framework/support/Core/routes.php(13): Support\Core\Route::dispatch()
#6 /Users/piotrmilos/QuickFrame/QuickFrame-framework/public/index.php(68): require_once('/Users/piotrmil...')
#7 {main}
[2025-06-25 17:55:52][ERROR] View migrations not found.
#0 /Users/piotrmilos/QuickFrame/QuickFrame-framework/support/Core/helpers.php(11): Support\Core\View::render('migrations', Array)
#1 /Users/piotrmilos/QuickFrame/QuickFrame-framework/support/Core/Database/Migrations/MigrationController.php(24): view('migrations', Array)
#2 [internal function]: Support\Core\Database\Migrations\MigrationController->index()
#3 /Users/piotrmilos/QuickFrame/QuickFrame-framework/support/Core/Route.php(99): call_user_func_array(Array, Array)
#4 /Users/piotrmilos/QuickFrame/QuickFrame-framework/support/Core/Route.php(110): Support\Core\Route::{closure:Support\Core\Route::dispatch():81}()
#5 /Users/piotrmilos/QuickFrame/QuickFrame-framework/support/Core/routes.php(13): Support\Core\Route::dispatch()
#6 /Users/piotrmilos/QuickFrame/QuickFrame-framework/public/index.php(68): require_once('/Users/piotrmil...')
#7 {main}
[2025-06-25 17:56:57][INFO] /Users/piotrmilos/QuickFrame/QuickFrame-framework/support/Core/Database/Migrationsmigrations.frame.php
[2025-06-25 17:56:57][ERROR] View migrations not found.
#0 /Users/piotrmilos/QuickFrame/QuickFrame-framework/support/Core/helpers.php(11): Support\Core\View::render('migrations', Array)
#1 /Users/piotrmilos/QuickFrame/QuickFrame-framework/support/Core/Database/Migrations/MigrationController.php(24): view('migrations', Array)
#2 [internal function]: Support\Core\Database\Migrations\MigrationController->index()
#3 /Users/piotrmilos/QuickFrame/QuickFrame-framework/support/Core/Route.php(99): call_user_func_array(Array, Array)
#4 /Users/piotrmilos/QuickFrame/QuickFrame-framework/support/Core/Route.php(110): Support\Core\Route::{closure:Support\Core\Route::dispatch():81}()
#5 /Users/piotrmilos/QuickFrame/QuickFrame-framework/support/Core/routes.php(13): Support\Core\Route::dispatch()
#6 /Users/piotrmilos/QuickFrame/QuickFrame-framework/public/index.php(68): require_once('/Users/piotrmil...')
#7 {main}
[2025-06-25 18:09:40][INFO] path: /Users/piotrmilos/QuickFrame/QuickFrame-framework/support/Core/../..//migrations/2025_06_24_084413_xxx.php
[2025-06-25 18:10:02][INFO] path: /Users/piotrmilos/QuickFrame/QuickFrame-framework/support/Core/../..//migrations/2025_06_25_102040_test.php
[2025-06-25 18:10:43][INFO] path: /Users/piotrmilos/QuickFrame/QuickFrame-framework/support/Core/../..//database/migrations/2025_06_25_102040_test.php
[2025-06-25 18:11:23][INFO] index base path: /Users/piotrmilos/QuickFrame/QuickFrame-framework/support/Core/../..//database/migrations
[2025-06-25 18:11:24][INFO] index base path: /Users/piotrmilos/QuickFrame/QuickFrame-framework/support/Core/../..//database/migrations
[2025-06-25 18:11:53][INFO] path: /Users/piotrmilos/QuickFrame/QuickFrame-framework/support/Core/../..//database/migrations/2025_06_25_102040_test.php
[2025-06-25 18:11:55][INFO] path: /Users/piotrmilos/QuickFrame/QuickFrame-framework/support/Core/../..//database/migrations/2025_06_25_102040_test.php
[2025-06-25 18:12:26][INFO] path: /Users/piotrmilos/QuickFrame/QuickFrame-framework/support/Core/../..//database/migrations/2025_06_25_102040_test.php
[2025-06-25 18:14:28][INFO] path: /Users/piotrmilos/QuickFrame/QuickFrame-framework/support/Core/../..//database/migrations/2025_06_25_102040_test.php
[2025-06-25 18:14:28][INFO] path: /Users/piotrmilos/QuickFrame/QuickFrame-framework/support/Core/../..//database/migrations/2025_06_25_102040_test.php
[2025-06-25 18:14:28][INFO] path: /Users/piotrmilos/QuickFrame/QuickFrame-framework/support/Core/../..//database/migrations/2025_06_25_102040_test.php
[2025-06-25 18:14:47][INFO] path: /Users/piotrmilos/QuickFrame/QuickFrame-framework/support/Core/../..//database/migrations/2025_06_25_102040_test.php
[2025-06-25 18:14:48][INFO] path: /Users/piotrmilos/QuickFrame/QuickFrame-framework/support/Core/../..//database/migrations/2025_06_25_102040_test.php
[2025-06-25 18:14:48][INFO] path: /Users/piotrmilos/QuickFrame/QuickFrame-framework/support/Core/../..//database/migrations/2025_06_25_102040_test.php
[2025-06-25 18:15:06][INFO] path: /Users/piotrmilos/QuickFrame/QuickFrame-framework/support/Core/../..//database/migrations/2025_06_25_102040_test.php
[2025-06-25 18:17:04][INFO] path: /Users/piotrmilos/QuickFrame/QuickFrame-framework/support/Core/../..//database/migrations/2025_06_25_102040_test.php
[2025-06-25 18:17:30][INFO] path: /Users/piotrmilos/QuickFrame/QuickFrame-framework/support/Core/../..//database/migrations/2025_06_25_102040_test.php
[2025-06-25 18:21:48][INFO] path: /Users/piotrmilos/QuickFrame/QuickFrame-framework/support/Core/../..//database/migrations/2025_06_25_102040_test.php
[2025-06-25 18:21:49][INFO] path: /Users/piotrmilos/QuickFrame/QuickFrame-framework/support/Core/../..//database/migrations/2025_06_25_102040_test.php
[2025-06-25 18:22:43][INFO] path: /Users/piotrmilos/QuickFrame/QuickFrame-framework/support/Core/../..//database/migrations/2025_06_25_102040_test.php
[2025-06-25 18:22:57][INFO] index base path: /Users/piotrmilos/QuickFrame/QuickFrame-framework/support/Core/../..//database/migrations
[2025-06-25 18:23:25][INFO] index base path: /Users/piotrmilos/QuickFrame/QuickFrame-framework/support/Core/../..//database/migrations
[2025-06-25 18:23:35][INFO] path: /Users/piotrmilos/QuickFrame/QuickFrame-framework/support/Core/../..//database/migrations/2025_06_25_102040_test.php
[2025-06-25 18:41:35][INFO] false
[2025-06-25 18:45:01][INFO] wczytano funkcje
[2025-06-25 18:45:47][INFO] wczytano funkcje
[2025-06-25 18:45:47][INFO] false
[2025-06-25 18:45:57][INFO] wczytano funkcje
[2025-06-25 18:45:57][INFO] false
[2025-06-25 18:49:20][INFO] wczytano funkcje
[2025-06-25 18:49:20][INFO] 
[2025-06-25 18:49:20][INFO] Migracje wylaczone
[2025-06-25 20:27:57][ERROR] Unknown named parameter $file
#0 /Users/piotrmilos/QuickFrame/QuickFrame-framework/support/Core/Route.php(103): call_user_func_array(Object(Closure), Array)
#1 /Users/piotrmilos/QuickFrame/QuickFrame-framework/support/Core/Route.php(110): Support\Core\Route::{closure:Support\Core\Route::dispatch():81}()
#2 /Users/piotrmilos/QuickFrame/QuickFrame-framework/support/Core/routes.php(25): Support\Core\Route::dispatch()
#3 /Users/piotrmilos/QuickFrame/QuickFrame-framework/public/index.php(68): require_once('/Users/piotrmil...')
#4 {main}
[2025-06-25 20:27:59][ERROR] Unknown named parameter $file
#0 /Users/piotrmilos/QuickFrame/QuickFrame-framework/support/Core/Route.php(103): call_user_func_array(Object(Closure), Array)
#1 /Users/piotrmilos/QuickFrame/QuickFrame-framework/support/Core/Route.php(110): Support\Core\Route::{closure:Support\Core\Route::dispatch():81}()
#2 /Users/piotrmilos/QuickFrame/QuickFrame-framework/support/Core/routes.php(25): Support\Core\Route::dispatch()
#3 /Users/piotrmilos/QuickFrame/QuickFrame-framework/public/index.php(68): require_once('/Users/piotrmil...')
#4 {main}
[2025-06-25 20:27:59][ERROR] Unknown named parameter $file
#0 /Users/piotrmilos/QuickFrame/QuickFrame-framework/support/Core/Route.php(103): call_user_func_array(Object(Closure), Array)
#1 /Users/piotrmilos/QuickFrame/QuickFrame-framework/support/Core/Route.php(110): Support\Core\Route::{closure:Support\Core\Route::dispatch():81}()
#2 /Users/piotrmilos/QuickFrame/QuickFrame-framework/support/Core/routes.php(25): Support\Core\Route::dispatch()
#3 /Users/piotrmilos/QuickFrame/QuickFrame-framework/public/index.php(68): require_once('/Users/piotrmil...')
#4 {main}
[2025-06-25 20:28:08][ERROR] Unknown named parameter $file
#0 /Users/piotrmilos/QuickFrame/QuickFrame-framework/support/Core/Route.php(103): call_user_func_array(Object(Closure), Array)
#1 /Users/piotrmilos/QuickFrame/QuickFrame-framework/support/Core/Route.php(110): Support\Core\Route::{closure:Support\Core\Route::dispatch():81}()
#2 /Users/piotrmilos/QuickFrame/QuickFrame-framework/support/Core/routes.php(25): Support\Core\Route::dispatch()
#3 /Users/piotrmilos/QuickFrame/QuickFrame-framework/public/index.php(68): require_once('/Users/piotrmil...')
#4 {main}
[2025-06-25 20:30:50][ERROR] Unknown named parameter $file
#0 /Users/piotrmilos/QuickFrame/QuickFrame-framework/support/Core/Route.php(103): call_user_func_array(Object(Closure), Array)
#1 /Users/piotrmilos/QuickFrame/QuickFrame-framework/support/Core/Route.php(110): Support\Core\Route::{closure:Support\Core\Route::dispatch():81}()
#2 /Users/piotrmilos/QuickFrame/QuickFrame-framework/support/Core/routes.php(25): Support\Core\Route::dispatch()
#3 /Users/piotrmilos/QuickFrame/QuickFrame-framework/public/index.php(68): require_once('/Users/piotrmil...')
#4 {main}
[2025-06-25 20:32:19][ERROR] Unknown named parameter $file
#0 /Users/piotrmilos/QuickFrame/QuickFrame-framework/support/Core/Route.php(103): call_user_func_array(Object(Closure), Array)
#1 /Users/piotrmilos/QuickFrame/QuickFrame-framework/support/Core/Route.php(110): Support\Core\Route::{closure:Support\Core\Route::dispatch():81}()
#2 /Users/piotrmilos/QuickFrame/QuickFrame-framework/support/Core/routes.php(25): Support\Core\Route::dispatch()
#3 /Users/piotrmilos/QuickFrame/QuickFrame-framework/public/index.php(68): require_once('/Users/piotrmil...')
#4 {main}
[2025-06-25 20:32:19][ERROR] Unknown named parameter $file
#0 /Users/piotrmilos/QuickFrame/QuickFrame-framework/support/Core/Route.php(103): call_user_func_array(Object(Closure), Array)
#1 /Users/piotrmilos/QuickFrame/QuickFrame-framework/support/Core/Route.php(110): Support\Core\Route::{closure:Support\Core\Route::dispatch():81}()
#2 /Users/piotrmilos/QuickFrame/QuickFrame-framework/support/Core/routes.php(25): Support\Core\Route::dispatch()
#3 /Users/piotrmilos/QuickFrame/QuickFrame-framework/public/index.php(68): require_once('/Users/piotrmil...')
#4 {main}
[2025-06-25 20:32:19][ERROR] Unknown named parameter $file
#0 /Users/piotrmilos/QuickFrame/QuickFrame-framework/support/Core/Route.php(103): call_user_func_array(Object(Closure), Array)
#1 /Users/piotrmilos/QuickFrame/QuickFrame-framework/support/Core/Route.php(110): Support\Core\Route::{closure:Support\Core\Route::dispatch():81}()
#2 /Users/piotrmilos/QuickFrame/QuickFrame-framework/support/Core/routes.php(25): Support\Core\Route::dispatch()
#3 /Users/piotrmilos/QuickFrame/QuickFrame-framework/public/index.php(68): require_once('/Users/piotrmil...')
#4 {main}
[2025-06-25 20:32:19][ERROR] Unknown named parameter $file
#0 /Users/piotrmilos/QuickFrame/QuickFrame-framework/support/Core/Route.php(103): call_user_func_array(Object(Closure), Array)
#1 /Users/piotrmilos/QuickFrame/QuickFrame-framework/support/Core/Route.php(110): Support\Core\Route::{closure:Support\Core\Route::dispatch():81}()
#2 /Users/piotrmilos/QuickFrame/QuickFrame-framework/support/Core/routes.php(25): Support\Core\Route::dispatch()
#3 /Users/piotrmilos/QuickFrame/QuickFrame-framework/public/index.php(68): require_once('/Users/piotrmil...')
#4 {main}
[2025-06-25 20:32:19][ERROR] Unknown named parameter $file
#0 /Users/piotrmilos/QuickFrame/QuickFrame-framework/support/Core/Route.php(103): call_user_func_array(Object(Closure), Array)
#1 /Users/piotrmilos/QuickFrame/QuickFrame-framework/support/Core/Route.php(110): Support\Core\Route::{closure:Support\Core\Route::dispatch():81}()
#2 /Users/piotrmilos/QuickFrame/QuickFrame-framework/support/Core/routes.php(25): Support\Core\Route::dispatch()
#3 /Users/piotrmilos/QuickFrame/QuickFrame-framework/public/index.php(68): require_once('/Users/piotrmil...')
#4 {main}
[2025-06-25 20:32:20][ERROR] Unknown named parameter $file
#0 /Users/piotrmilos/QuickFrame/QuickFrame-framework/support/Core/Route.php(103): call_user_func_array(Object(Closure), Array)
#1 /Users/piotrmilos/QuickFrame/QuickFrame-framework/support/Core/Route.php(110): Support\Core\Route::{closure:Support\Core\Route::dispatch():81}()
#2 /Users/piotrmilos/QuickFrame/QuickFrame-framework/support/Core/routes.php(25): Support\Core\Route::dispatch()
#3 /Users/piotrmilos/QuickFrame/QuickFrame-framework/public/index.php(68): require_once('/Users/piotrmil...')
#4 {main}
[2025-06-25 20:32:20][ERROR] Unknown named parameter $file
#0 /Users/piotrmilos/QuickFrame/QuickFrame-framework/support/Core/Route.php(103): call_user_func_array(Object(Closure), Array)
#1 /Users/piotrmilos/QuickFrame/QuickFrame-framework/support/Core/Route.php(110): Support\Core\Route::{closure:Support\Core\Route::dispatch():81}()
#2 /Users/piotrmilos/QuickFrame/QuickFrame-framework/support/Core/routes.php(25): Support\Core\Route::dispatch()
#3 /Users/piotrmilos/QuickFrame/QuickFrame-framework/public/index.php(68): require_once('/Users/piotrmil...')
#4 {main}
[2025-06-25 20:32:20][ERROR] Unknown named parameter $file
#0 /Users/piotrmilos/QuickFrame/QuickFrame-framework/support/Core/Route.php(103): call_user_func_array(Object(Closure), Array)
#1 /Users/piotrmilos/QuickFrame/QuickFrame-framework/support/Core/Route.php(110): Support\Core\Route::{closure:Support\Core\Route::dispatch():81}()
#2 /Users/piotrmilos/QuickFrame/QuickFrame-framework/support/Core/routes.php(25): Support\Core\Route::dispatch()
#3 /Users/piotrmilos/QuickFrame/QuickFrame-framework/public/index.php(68): require_once('/Users/piotrmil...')
#4 {main}
[2025-06-25 20:32:20][ERROR] Unknown named parameter $file
#0 /Users/piotrmilos/QuickFrame/QuickFrame-framework/support/Core/Route.php(103): call_user_func_array(Object(Closure), Array)
#1 /Users/piotrmilos/QuickFrame/QuickFrame-framework/support/Core/Route.php(110): Support\Core\Route::{closure:Support\Core\Route::dispatch():81}()
#2 /Users/piotrmilos/QuickFrame/QuickFrame-framework/support/Core/routes.php(25): Support\Core\Route::dispatch()
#3 /Users/piotrmilos/QuickFrame/QuickFrame-framework/public/index.php(68): require_once('/Users/piotrmil...')
#4 {main}
